<?xml version="1.0" encoding="UTF-8"?>
<!-- Generated by org.testng.reporters.JUnitReportReporter -->
<testsuite hostname="HQ-11393H840G5" failures="0" tests="1" name="com.tests.simpleCRUDwithTekarch.GetDataTest" time="15.537" errors="0" timestamp="2023-03-12T13:35:41 PDT" skipped="0">
  <testcase classname="com.tests.simpleCRUDwithTekarch.GetDataTest" name="getUserData" time="15.537"/>
  <system-out/>
</testsuite> <!-- com.tests.simpleCRUDwithTekarch.GetDataTest -->
