<?xml version="1.0" encoding="UTF-8"?>
<!-- Generated by org.testng.reporters.JUnitReportReporter -->
<testsuite hostname="HQ-11393H840G5" failures="0" tests="1" name="com.tests.simpleCRUDwithTekarch.CreateTestData" time="28.163" errors="0" timestamp="2023-03-13T08:44:15 PDT" skipped="0">
  <testcase classname="com.tests.simpleCRUDwithTekarch.CreateTestData" name="addUserData" time="28.163"/>
  <system-out/>
</testsuite> <!-- com.tests.simpleCRUDwithTekarch.CreateTestData -->
