<?xml version="1.0" encoding="UTF-8"?>
<!-- Generated by org.testng.reporters.JUnitReportReporter -->
<testsuite hostname="HQ-11393H840G5" failures="0" tests="1" name="com.tests.simpleCRUDwithTekarch.UpdateTestData" time="5.120" errors="0" timestamp="2023-03-13T17:11:34 PDT" skipped="0">
  <testcase classname="com.tests.simpleCRUDwithTekarch.UpdateTestData" name="updateUserData" time="5.120"/>
  <system-out/>
</testsuite> <!-- com.tests.simpleCRUDwithTekarch.UpdateTestData -->
