<?xml version="1.0" encoding="UTF-8"?>
<!-- Generated by org.testng.reporters.JUnitReportReporter -->
<testsuite hostname="HQ-11393H840G5" failures="0" tests="1" name="com.test.tests.ExtractDataFromJson" time="3.627" errors="0" timestamp="2023-03-13T08:23:34 PDT" skipped="0">
  <testcase classname="com.test.tests.ExtractDataFromJson" name="readingData" time="3.627"/>
  <system-out/>
</testsuite> <!-- com.test.tests.ExtractDataFromJson -->
